INFO 2024-11-20 00:16:17,342 autoreload Watching for file changes with StatReloader
WARNING 2024-11-20 00:16:22,836 log Not Found: /
WARNING 2024-11-20 00:16:22,837 basehttp "GET / HTTP/1.1" 404 2949
WARNING 2024-11-20 00:16:33,177 log Method Not Allowed: /api/users/register/
WARNING 2024-11-20 00:16:33,177 basehttp "GET /api/users/register/ HTTP/1.1" 405 8425
INFO 2024-11-20 00:16:33,208 basehttp "GET /static/rest_framework/img/grid.png HTTP/1.1" 304 0
INFO 2024-11-20 00:16:43,094 basehttp "POST /api/users/register/ HTTP/1.1" 200 9118
INFO 2024-11-21 15:03:53,110 autoreload Watching for file changes with StatReloader
WARNING 2024-11-21 15:03:58,482 log Not Found: /
WARNING 2024-11-21 15:03:58,497 basehttp "GET / HTTP/1.1" 404 2949
WARNING 2024-11-21 15:03:58,879 log Not Found: /favicon.ico
WARNING 2024-11-21 15:03:58,886 basehttp "GET /favicon.ico HTTP/1.1" 404 3000
INFO 2024-11-21 15:04:08,770 basehttp "GET /admin/ HTTP/1.1" 200 7361
INFO 2024-11-21 15:04:08,788 basehttp "GET /static/admin/css/dark_mode.css HTTP/1.1" 304 0
INFO 2024-11-21 15:04:08,788 basehttp "GET /static/admin/css/base.css HTTP/1.1" 304 0
INFO 2024-11-21 15:04:08,789 basehttp "GET /static/admin/css/nav_sidebar.css HTTP/1.1" 304 0
INFO 2024-11-21 15:04:08,789 basehttp "GET /static/admin/css/responsive.css HTTP/1.1" 304 0
INFO 2024-11-21 15:04:08,791 basehttp "GET /static/admin/js/theme.js HTTP/1.1" 304 0
INFO 2024-11-21 15:04:08,791 basehttp "GET /static/admin/css/dashboard.css HTTP/1.1" 304 0
INFO 2024-11-21 15:04:08,795 basehttp "GET /static/admin/js/nav_sidebar.js HTTP/1.1" 304 0
INFO 2024-11-21 15:04:08,807 basehttp "GET /static/admin/img/icon-addlink.svg HTTP/1.1" 304 0
INFO 2024-11-21 15:04:08,807 basehttp "GET /static/admin/img/icon-changelink.svg HTTP/1.1" 304 0
INFO 2024-11-21 15:04:08,857 basehttp "GET /static/admin/img/icon-deletelink.svg HTTP/1.1" 200 392
INFO 2024-11-21 15:04:12,890 basehttp "GET /admin/auth/group/ HTTP/1.1" 200 7744
INFO 2024-11-21 15:04:12,904 basehttp "GET /static/admin/css/changelists.css HTTP/1.1" 304 0
INFO 2024-11-21 15:04:12,912 basehttp "GET /static/admin/js/vendor/jquery/jquery.js HTTP/1.1" 304 0
INFO 2024-11-21 15:04:12,912 basehttp "GET /static/admin/js/jquery.init.js HTTP/1.1" 304 0
INFO 2024-11-21 15:04:12,914 basehttp "GET /static/admin/js/core.js HTTP/1.1" 304 0
INFO 2024-11-21 15:04:12,914 basehttp "GET /static/admin/js/admin/RelatedObjectLookups.js HTTP/1.1" 304 0
INFO 2024-11-21 15:04:12,914 basehttp "GET /static/admin/js/actions.js HTTP/1.1" 304 0
INFO 2024-11-21 15:04:12,917 basehttp "GET /static/admin/js/prepopulate.js HTTP/1.1" 304 0
INFO 2024-11-21 15:04:12,918 basehttp "GET /static/admin/js/urlify.js HTTP/1.1" 304 0
INFO 2024-11-21 15:04:12,921 basehttp "GET /static/admin/js/vendor/xregexp/xregexp.js HTTP/1.1" 304 0
INFO 2024-11-21 15:04:12,921 basehttp "GET /static/admin/img/search.svg HTTP/1.1" 304 0
INFO 2024-11-21 15:04:12,923 basehttp "GET /admin/jsi18n/ HTTP/1.1" 200 3342
INFO 2024-11-21 15:04:12,927 basehttp "GET /static/admin/js/filters.js HTTP/1.1" 304 0
INFO 2024-11-21 15:04:12,957 basehttp "GET /static/admin/img/tooltag-add.svg HTTP/1.1" 304 0
INFO 2024-11-21 15:04:14,668 basehttp "GET /admin/ HTTP/1.1" 200 7361
INFO 2024-11-21 15:04:15,897 basehttp "GET /admin/users/customuser/ HTTP/1.1" 200 10003
INFO 2024-11-21 15:04:15,910 basehttp "GET /admin/jsi18n/ HTTP/1.1" 200 3342
INFO 2024-11-21 15:04:36,181 basehttp "GET /admin/users/customuser/10/change/ HTTP/1.1" 200 22109
INFO 2024-11-21 15:04:36,195 basehttp "GET /static/admin/css/forms.css HTTP/1.1" 304 0
INFO 2024-11-21 15:04:36,196 basehttp "GET /static/admin/js/calendar.js HTTP/1.1" 304 0
INFO 2024-11-21 15:04:36,197 basehttp "GET /static/admin/js/admin/DateTimeShortcuts.js HTTP/1.1" 304 0
INFO 2024-11-21 15:04:36,199 basehttp "GET /static/admin/js/prepopulate_init.js HTTP/1.1" 304 0
INFO 2024-11-21 15:04:36,199 basehttp "GET /static/admin/css/widgets.css HTTP/1.1" 304 0
INFO 2024-11-21 15:04:36,200 basehttp "GET /admin/jsi18n/ HTTP/1.1" 200 3342
INFO 2024-11-21 15:04:36,203 basehttp "GET /static/admin/js/change_form.js HTTP/1.1" 304 0
INFO 2024-11-21 15:04:36,240 basehttp "GET /static/admin/img/icon-calendar.svg HTTP/1.1" 304 0
INFO 2024-11-21 15:04:36,240 basehttp "GET /static/admin/img/icon-clock.svg HTTP/1.1" 304 0
INFO 2024-11-21 15:04:43,498 basehttp "GET /admin/users/customuser/ HTTP/1.1" 200 10003
INFO 2024-11-21 15:04:46,127 basehttp "GET /admin/users/customuser/9/change/ HTTP/1.1" 200 22098
INFO 2024-11-21 15:04:46,143 basehttp "GET /admin/jsi18n/ HTTP/1.1" 200 3342
INFO 2024-11-21 15:05:00,468 basehttp "GET /admin/users/customuser/ HTTP/1.1" 200 10003
INFO 2024-11-21 15:05:02,856 basehttp "GET /admin/users/customuser/9/change/ HTTP/1.1" 200 22098
INFO 2024-11-21 15:05:02,870 basehttp "GET /admin/jsi18n/ HTTP/1.1" 200 3342
INFO 2024-11-21 15:05:04,943 basehttp "GET /admin/users/customuser/ HTTP/1.1" 200 10003
WARNING 2024-11-21 15:05:10,867 log Unauthorized: /api/students/profile/
WARNING 2024-11-21 15:05:10,867 basehttp "GET /api/students/profile/ HTTP/1.1" 401 5148
INFO 2024-11-21 15:05:10,877 basehttp "GET /static/rest_framework/css/bootstrap.min.css HTTP/1.1" 304 0
INFO 2024-11-21 15:05:10,883 basehttp "GET /static/rest_framework/css/prettify.css HTTP/1.1" 304 0
INFO 2024-11-21 15:05:10,884 basehttp "GET /static/rest_framework/css/bootstrap-tweaks.css HTTP/1.1" 304 0
INFO 2024-11-21 15:05:10,884 basehttp "GET /static/rest_framework/js/jquery-3.7.1.min.js HTTP/1.1" 304 0
INFO 2024-11-21 15:05:10,886 basehttp "GET /static/rest_framework/css/default.css HTTP/1.1" 304 0
INFO 2024-11-21 15:05:10,889 basehttp "GET /static/rest_framework/js/bootstrap.min.js HTTP/1.1" 304 0
INFO 2024-11-21 15:05:10,889 basehttp "GET /static/rest_framework/js/ajax-form.js HTTP/1.1" 304 0
INFO 2024-11-21 15:05:10,889 basehttp "GET /static/rest_framework/js/prettify-min.js HTTP/1.1" 304 0
INFO 2024-11-21 15:05:10,890 basehttp "GET /static/rest_framework/js/csrf.js HTTP/1.1" 304 0
INFO 2024-11-21 15:05:10,890 basehttp "GET /static/rest_framework/js/load-ajax-form.js HTTP/1.1" 304 0
INFO 2024-11-21 15:05:10,891 basehttp "GET /static/rest_framework/js/default.js HTTP/1.1" 304 0
INFO 2024-11-21 15:05:10,900 basehttp "GET /static/rest_framework/img/grid.png HTTP/1.1" 304 0
WARNING 2024-11-21 15:05:16,563 log Not Found: /api/
WARNING 2024-11-21 15:05:16,564 basehttp "GET /api/ HTTP/1.1" 404 2979
WARNING 2024-11-21 15:05:24,507 log Not Found: /api/courses/
WARNING 2024-11-21 15:05:24,508 basehttp "GET /api/courses/ HTTP/1.1" 404 4598
WARNING 2024-11-21 15:05:32,873 log Unauthorized: /api/courses/courses/
WARNING 2024-11-21 15:05:32,873 basehttp "GET /api/courses/courses/ HTTP/1.1" 401 5107
WARNING 2024-11-21 15:06:17,565 log Unauthorized: /api/courses/courses/1/enrollments/
WARNING 2024-11-21 15:06:17,566 basehttp "GET /api/courses/courses/1/enrollments/ HTTP/1.1" 401 183
WARNING 2024-11-21 15:06:28,956 log Not Found: /api/
WARNING 2024-11-21 15:06:28,957 basehttp "GET /api/ HTTP/1.1" 404 2979
WARNING 2024-11-21 15:06:38,621 log Not Found: /api/users/
WARNING 2024-11-21 15:06:38,622 basehttp "GET /api/users/ HTTP/1.1" 404 3672
WARNING 2024-11-21 15:06:45,156 log Method Not Allowed: /api/users/login/
WARNING 2024-11-21 15:06:45,156 basehttp "GET /api/users/login/ HTTP/1.1" 405 7639
INFO 2024-11-21 15:06:59,766 basehttp "POST /api/users/login/ HTTP/1.1" 200 8083
WARNING 2024-11-21 15:07:18,361 log Not Found: /api/
WARNING 2024-11-21 15:07:18,362 basehttp "GET /api/ HTTP/1.1" 404 2979
INFO 2024-11-21 15:07:25,898 basehttp "GET /admin/ HTTP/1.1" 200 7361
INFO 2024-11-21 15:07:28,412 basehttp "GET /admin/users/customuser/ HTTP/1.1" 200 10003
INFO 2024-11-21 15:07:28,426 basehttp "GET /admin/jsi18n/ HTTP/1.1" 200 3342
INFO 2024-11-21 15:07:29,751 basehttp "GET /admin/users/customuser/8/change/ HTTP/1.1" 200 22087
INFO 2024-11-21 15:07:29,763 basehttp "GET /admin/jsi18n/ HTTP/1.1" 200 3342
ERROR 2024-11-21 15:09:28,068 log Internal Server Error: /api/courses/courses/
Traceback (most recent call last):
  File "C:\Users\azama\PycharmProjects\Django2024_assignment2\venv\Lib\site-packages\django_redis\cache.py", line 29, in _decorator
    return method(self, *args, **kwargs)
           ^^^^^^^^^^^^^^^^^^^^^^^^^^^^^
  File "C:\Users\azama\PycharmProjects\Django2024_assignment2\venv\Lib\site-packages\django_redis\cache.py", line 99, in _get
    return self.client.get(key, default=default, version=version, client=client)
           ^^^^^^^^^^^^^^^^^^^^^^^^^^^^^^^^^^^^^^^^^^^^^^^^^^^^^^^^^^^^^^^^^^^^^
  File "C:\Users\azama\PycharmProjects\Django2024_assignment2\venv\Lib\site-packages\django_redis\client\default.py", line 260, in get
    raise ConnectionInterrupted(connection=client) from e
django_redis.exceptions.ConnectionInterrupted: Redis ConnectionError: Error 10061 connecting to 127.0.0.1:6379. Подключение не установлено, т.к. конечный компьютер отверг запрос на подключение.

During handling of the above exception, another exception occurred:

Traceback (most recent call last):
  File "C:\Users\azama\PycharmProjects\Django2024_assignment2\venv\Lib\site-packages\django\core\handlers\exception.py", line 55, in inner
    response = get_response(request)
               ^^^^^^^^^^^^^^^^^^^^^
  File "C:\Users\azama\PycharmProjects\Django2024_assignment2\venv\Lib\site-packages\django\core\handlers\base.py", line 197, in _get_response
    response = wrapped_callback(request, *callback_args, **callback_kwargs)
               ^^^^^^^^^^^^^^^^^^^^^^^^^^^^^^^^^^^^^^^^^^^^^^^^^^^^^^^^^^^^
  File "C:\Users\azama\PycharmProjects\Django2024_assignment2\venv\Lib\site-packages\django\views\decorators\csrf.py", line 65, in _view_wrapper
    return view_func(request, *args, **kwargs)
           ^^^^^^^^^^^^^^^^^^^^^^^^^^^^^^^^^^^
  File "C:\Users\azama\PycharmProjects\Django2024_assignment2\venv\Lib\site-packages\django\views\generic\base.py", line 104, in view
    return self.dispatch(request, *args, **kwargs)
           ^^^^^^^^^^^^^^^^^^^^^^^^^^^^^^^^^^^^^^^
  File "C:\Users\azama\PycharmProjects\Django2024_assignment2\venv\Lib\site-packages\rest_framework\views.py", line 509, in dispatch
    response = self.handle_exception(exc)
               ^^^^^^^^^^^^^^^^^^^^^^^^^^
  File "C:\Users\azama\PycharmProjects\Django2024_assignment2\venv\Lib\site-packages\rest_framework\views.py", line 469, in handle_exception
    self.raise_uncaught_exception(exc)
  File "C:\Users\azama\PycharmProjects\Django2024_assignment2\venv\Lib\site-packages\rest_framework\views.py", line 480, in raise_uncaught_exception
    raise exc
  File "C:\Users\azama\PycharmProjects\Django2024_assignment2\venv\Lib\site-packages\rest_framework\views.py", line 506, in dispatch
    response = handler(request, *args, **kwargs)
               ^^^^^^^^^^^^^^^^^^^^^^^^^^^^^^^^^
  File "C:\Users\azama\PycharmProjects\Django2024_assignment2\venv\Lib\site-packages\rest_framework\generics.py", line 203, in get
    return self.list(request, *args, **kwargs)
           ^^^^^^^^^^^^^^^^^^^^^^^^^^^^^^^^^^^
  File "C:\Users\azama\PycharmProjects\Django2024_assignment2\venv\Lib\site-packages\rest_framework\mixins.py", line 38, in list
    queryset = self.filter_queryset(self.get_queryset())
                                    ^^^^^^^^^^^^^^^^^^^
  File "C:\Users\azama\PycharmProjects\Django2024_assignment2\courses\views.py", line 34, in get_queryset
    cached_courses = cache.get(cache_key)
                     ^^^^^^^^^^^^^^^^^^^^
  File "C:\Users\azama\PycharmProjects\Django2024_assignment2\venv\Lib\site-packages\django_redis\cache.py", line 92, in get
    value = self._get(key, default, version, client)
            ^^^^^^^^^^^^^^^^^^^^^^^^^^^^^^^^^^^^^^^^
  File "C:\Users\azama\PycharmProjects\Django2024_assignment2\venv\Lib\site-packages\django_redis\cache.py", line 36, in _decorator
    raise e.__cause__
  File "C:\Users\azama\PycharmProjects\Django2024_assignment2\venv\Lib\site-packages\django_redis\client\default.py", line 258, in get
    value = client.get(key)
            ^^^^^^^^^^^^^^^
  File "C:\Users\azama\PycharmProjects\Django2024_assignment2\venv\Lib\site-packages\redis\commands\core.py", line 1822, in get
    return self.execute_command("GET", name, keys=[name])
           ^^^^^^^^^^^^^^^^^^^^^^^^^^^^^^^^^^^^^^^^^^^^^^
  File "C:\Users\azama\PycharmProjects\Django2024_assignment2\venv\Lib\site-packages\redis\client.py", line 559, in execute_command
    return self._execute_command(*args, **options)
           ^^^^^^^^^^^^^^^^^^^^^^^^^^^^^^^^^^^^^^^
  File "C:\Users\azama\PycharmProjects\Django2024_assignment2\venv\Lib\site-packages\redis\client.py", line 565, in _execute_command
    conn = self.connection or pool.get_connection(command_name, **options)
                              ^^^^^^^^^^^^^^^^^^^^^^^^^^^^^^^^^^^^^^^^^^^^
  File "C:\Users\azama\PycharmProjects\Django2024_assignment2\venv\Lib\site-packages\redis\connection.py", line 1422, in get_connection
    connection.connect()
  File "C:\Users\azama\PycharmProjects\Django2024_assignment2\venv\Lib\site-packages\redis\connection.py", line 363, in connect
    raise ConnectionError(self._error_message(e))
redis.exceptions.ConnectionError: Error 10061 connecting to 127.0.0.1:6379. Подключение не установлено, т.к. конечный компьютер отверг запрос на подключение.
ERROR 2024-11-21 15:09:28,076 basehttp "GET /api/courses/courses/ HTTP/1.1" 500 154896
INFO 2024-11-21 15:10:53,819 basehttp "GET /api/courses/courses/ HTTP/1.1" 200 207
WARNING 2024-11-21 15:11:18,422 log Forbidden: /api/courses/courses/1/enrollments/
WARNING 2024-11-21 15:11:18,423 basehttp "GET /api/courses/courses/1/enrollments/ HTTP/1.1" 403 63
WARNING 2024-11-21 15:12:03,530 log Unauthorized: /api/courses/courses/1/enrollments/
WARNING 2024-11-21 15:12:03,531 basehttp "POST /api/courses/courses/1/enrollments/ HTTP/1.1" 401 183
WARNING 2024-11-21 15:12:34,980 log Unauthorized: /api/courses/courses/enroll/
WARNING 2024-11-21 15:12:34,981 basehttp "POST /api/courses/courses/enroll/ HTTP/1.1" 401 183
WARNING 2024-11-21 15:13:04,741 log Unauthorized: /api/courses/courses/enroll/
WARNING 2024-11-21 15:13:04,742 basehttp "POST /api/courses/courses/enroll/ HTTP/1.1" 401 183
WARNING 2024-11-21 15:13:12,893 log Unauthorized: /api/courses/courses/enroll/
WARNING 2024-11-21 15:13:12,893 basehttp "POST /api/courses/courses/enroll/ HTTP/1.1" 401 183
INFO 2024-11-21 15:14:00,172 basehttp "GET /admin/users/customuser/ HTTP/1.1" 200 10003
INFO 2024-11-21 15:14:00,236 basehttp "GET /admin/jsi18n/ HTTP/1.1" 200 3342
INFO 2024-11-21 15:14:01,554 basehttp "GET /admin/users/customuser/9/change/ HTTP/1.1" 200 22098
INFO 2024-11-21 15:14:01,567 basehttp "GET /admin/jsi18n/ HTTP/1.1" 200 3342
INFO 2024-11-21 15:14:15,595 basehttp "POST /api/users/login/ HTTP/1.1" 200 8083
WARNING 2024-11-21 15:14:59,832 log Method Not Allowed: /api/courses/courses/1/enrollments/
WARNING 2024-11-21 15:14:59,833 basehttp "POST /api/courses/courses/1/enrollments/ HTTP/1.1" 405 41
INFO 2024-11-21 15:15:03,709 basehttp "GET /api/courses/courses/1/enrollments/ HTTP/1.1" 200 114
INFO 2024-11-21 15:15:30,768 basehttp "GET /admin/users/customuser/ HTTP/1.1" 200 10003
INFO 2024-11-21 15:15:30,780 basehttp "GET /admin/jsi18n/ HTTP/1.1" 200 3342
INFO 2024-11-21 15:15:37,639 basehttp "GET /admin/users/customuser/10/change/ HTTP/1.1" 200 22109
INFO 2024-11-21 15:15:37,652 basehttp "GET /admin/jsi18n/ HTTP/1.1" 200 3342
INFO 2024-11-21 15:15:39,788 basehttp "GET /admin/users/customuser/ HTTP/1.1" 200 10003
INFO 2024-11-21 15:15:41,519 basehttp "GET /admin/users/customuser/8/change/ HTTP/1.1" 200 22087
INFO 2024-11-21 15:15:41,533 basehttp "GET /admin/jsi18n/ HTTP/1.1" 200 3342
INFO 2024-11-21 15:15:42,392 basehttp "GET /admin/users/customuser/ HTTP/1.1" 200 10003
INFO 2024-11-21 15:15:43,725 basehttp "GET /admin/users/customuser/7/change/ HTTP/1.1" 200 22087
INFO 2024-11-21 15:15:43,737 basehttp "GET /admin/jsi18n/ HTTP/1.1" 200 3342
INFO 2024-11-21 15:15:44,730 basehttp "GET /admin/users/customuser/ HTTP/1.1" 200 10003
WARNING 2024-11-21 15:16:46,937 log Not Found: /api/grades/create/
WARNING 2024-11-21 15:16:46,937 basehttp "POST /api/grades/create/ HTTP/1.1" 404 3707
WARNING 2024-11-21 15:17:13,675 log Not Found: /api/
WARNING 2024-11-21 15:17:13,676 basehttp "GET /api/ HTTP/1.1" 404 2979
WARNING 2024-11-21 15:17:18,057 log Not Found: /api/grades
WARNING 2024-11-21 15:17:18,058 basehttp "GET /api/grades HTTP/1.1" 404 3682
INFO 2024-11-21 15:17:56,608 autoreload C:\Users\azama\PycharmProjects\Django2024_assignment2\StudentManagementSystem\urls.py changed, reloading.
INFO 2024-11-21 15:17:57,549 autoreload Watching for file changes with StatReloader
WARNING 2024-11-21 15:18:00,539 log Not Found: /api/grades/create/
WARNING 2024-11-21 15:18:00,540 basehttp "POST /api/grades/create/ HTTP/1.1" 404 3710
WARNING 2024-11-21 15:18:11,934 log Not Found: /api/
WARNING 2024-11-21 15:18:11,935 basehttp "GET /api/ HTTP/1.1" 404 2980
WARNING 2024-11-21 15:18:12,403 log Not Found: /api/
WARNING 2024-11-21 15:18:12,403 basehttp "GET /api/ HTTP/1.1" 404 2980
WARNING 2024-11-21 15:18:17,704 log Not Found: /api/grades
WARNING 2024-11-21 15:18:17,704 basehttp "GET /api/grades HTTP/1.1" 404 2998
WARNING 2024-11-21 15:18:21,282 log Not Found: /api/grades/
WARNING 2024-11-21 15:18:21,282 basehttp "GET /api/grades/ HTTP/1.1" 404 3688
WARNING 2024-11-21 15:18:31,218 log Unauthorized: /api/grades/grades/
WARNING 2024-11-21 15:18:31,219 basehttp "GET /api/grades/grades/ HTTP/1.1" 401 5091
WARNING 2024-11-21 15:18:46,131 log Bad Request: /api/grades/grades/create/
WARNING 2024-11-21 15:18:46,132 basehttp "POST /api/grades/grades/create/ HTTP/1.1" 400 112
WARNING 2024-11-21 15:19:26,387 log Unauthorized: /api/grades/grades/create/
WARNING 2024-11-21 15:19:26,388 basehttp "POST /api/grades/grades/create/ HTTP/1.1" 401 183
WARNING 2024-11-21 15:19:55,088 log Method Not Allowed: /api/users/token/refresh/
WARNING 2024-11-21 15:19:55,088 basehttp "GET /api/users/token/refresh/ HTTP/1.1" 405 7342
INFO 2024-11-21 15:19:57,924 basehttp "POST /api/users/token/refresh/ HTTP/1.1" 200 7518
INFO 2024-11-21 15:20:16,282 basehttp "POST /api/grades/grades/create/ HTTP/1.1" 201 75
INFO 2024-11-21 15:20:49,351 autoreload C:\Users\azama\PycharmProjects\Django2024_assignment2\grades\urls.py changed, reloading.
INFO 2024-11-21 15:20:50,109 autoreload Watching for file changes with StatReloader
WARNING 2024-11-21 15:20:57,758 log Not Found: /api/
WARNING 2024-11-21 15:20:57,759 basehttp "GET /api/ HTTP/1.1" 404 2980
WARNING 2024-11-21 15:20:58,008 log Not Found: /api/
WARNING 2024-11-21 15:20:58,009 basehttp "GET /api/ HTTP/1.1" 404 2980
INFO 2024-11-21 15:21:03,628 basehttp "GET /api/grades HTTP/1.1" 301 0
WARNING 2024-11-21 15:21:03,643 log Unauthorized: /api/grades/
WARNING 2024-11-21 15:21:03,643 basehttp "GET /api/grades/ HTTP/1.1" 401 5056
WARNING 2024-11-21 15:21:23,038 log Method Not Allowed: /api/grades/
WARNING 2024-11-21 15:21:23,039 basehttp "POST /api/grades/ HTTP/1.1" 405 41
INFO 2024-11-21 15:21:26,706 basehttp "GET /api/grades/ HTTP/1.1" 200 127
WARNING 2024-11-21 15:22:00,457 log Method Not Allowed: /api/grades/1/edit/
WARNING 2024-11-21 15:22:00,458 basehttp "POST /api/grades/1/edit/ HTTP/1.1" 405 41
INFO 2024-11-21 15:22:04,942 basehttp "PUT /api/grades/1/edit/ HTTP/1.1" 200 75
INFO 2024-11-21 15:22:10,105 basehttp "GET /api/grades/ HTTP/1.1" 200 127
INFO 2024-11-21 15:22:26,045 basehttp "GET /admin/users/customuser/10/change/ HTTP/1.1" 200 22109
INFO 2024-11-21 15:22:26,058 basehttp "GET /admin/jsi18n/ HTTP/1.1" 200 3342
WARNING 2024-11-21 15:22:35,738 log Method Not Allowed: /api/users/token/refresh/
WARNING 2024-11-21 15:22:35,738 basehttp "GET /api/users/token/refresh/ HTTP/1.1" 405 7342
INFO 2024-11-21 15:22:54,121 basehttp "POST /api/users/login/ HTTP/1.1" 200 8086
ERROR 2024-11-21 15:23:37,988 log Internal Server Error: /api/grades/
Traceback (most recent call last):
  File "C:\Users\azama\PycharmProjects\Django2024_assignment2\venv\Lib\site-packages\django\core\handlers\exception.py", line 55, in inner
    response = get_response(request)
               ^^^^^^^^^^^^^^^^^^^^^
  File "C:\Users\azama\PycharmProjects\Django2024_assignment2\venv\Lib\site-packages\django\core\handlers\base.py", line 197, in _get_response
    response = wrapped_callback(request, *callback_args, **callback_kwargs)
               ^^^^^^^^^^^^^^^^^^^^^^^^^^^^^^^^^^^^^^^^^^^^^^^^^^^^^^^^^^^^
  File "C:\Users\azama\PycharmProjects\Django2024_assignment2\venv\Lib\site-packages\django\views\decorators\csrf.py", line 65, in _view_wrapper
    return view_func(request, *args, **kwargs)
           ^^^^^^^^^^^^^^^^^^^^^^^^^^^^^^^^^^^
  File "C:\Users\azama\PycharmProjects\Django2024_assignment2\venv\Lib\site-packages\django\views\generic\base.py", line 104, in view
    return self.dispatch(request, *args, **kwargs)
           ^^^^^^^^^^^^^^^^^^^^^^^^^^^^^^^^^^^^^^^
  File "C:\Users\azama\PycharmProjects\Django2024_assignment2\venv\Lib\site-packages\rest_framework\views.py", line 509, in dispatch
    response = self.handle_exception(exc)
               ^^^^^^^^^^^^^^^^^^^^^^^^^^
  File "C:\Users\azama\PycharmProjects\Django2024_assignment2\venv\Lib\site-packages\rest_framework\views.py", line 469, in handle_exception
    self.raise_uncaught_exception(exc)
  File "C:\Users\azama\PycharmProjects\Django2024_assignment2\venv\Lib\site-packages\rest_framework\views.py", line 480, in raise_uncaught_exception
    raise exc
  File "C:\Users\azama\PycharmProjects\Django2024_assignment2\venv\Lib\site-packages\rest_framework\views.py", line 506, in dispatch
    response = handler(request, *args, **kwargs)
               ^^^^^^^^^^^^^^^^^^^^^^^^^^^^^^^^^
  File "C:\Users\azama\PycharmProjects\Django2024_assignment2\venv\Lib\site-packages\rest_framework\generics.py", line 203, in get
    return self.list(request, *args, **kwargs)
           ^^^^^^^^^^^^^^^^^^^^^^^^^^^^^^^^^^^
  File "C:\Users\azama\PycharmProjects\Django2024_assignment2\venv\Lib\site-packages\rest_framework\mixins.py", line 38, in list
    queryset = self.filter_queryset(self.get_queryset())
                                    ^^^^^^^^^^^^^^^^^^^
  File "C:\Users\azama\PycharmProjects\Django2024_assignment2\grades\views.py", line 51, in get_queryset
    return self.queryset.filter(student=self.request.user)
           ^^^^^^^^^^^^^^^^^^^^^^^^^^^^^^^^^^^^^^^^^^^^^^^
  File "C:\Users\azama\PycharmProjects\Django2024_assignment2\venv\Lib\site-packages\django\db\models\query.py", line 1476, in filter
    return self._filter_or_exclude(False, args, kwargs)
           ^^^^^^^^^^^^^^^^^^^^^^^^^^^^^^^^^^^^^^^^^^^^
  File "C:\Users\azama\PycharmProjects\Django2024_assignment2\venv\Lib\site-packages\django\db\models\query.py", line 1494, in _filter_or_exclude
    clone._filter_or_exclude_inplace(negate, args, kwargs)
  File "C:\Users\azama\PycharmProjects\Django2024_assignment2\venv\Lib\site-packages\django\db\models\query.py", line 1501, in _filter_or_exclude_inplace
    self._query.add_q(Q(*args, **kwargs))
  File "C:\Users\azama\PycharmProjects\Django2024_assignment2\venv\Lib\site-packages\django\db\models\sql\query.py", line 1609, in add_q
    clause, _ = self._add_q(q_object, self.used_aliases)
                ^^^^^^^^^^^^^^^^^^^^^^^^^^^^^^^^^^^^^^^^
  File "C:\Users\azama\PycharmProjects\Django2024_assignment2\venv\Lib\site-packages\django\db\models\sql\query.py", line 1641, in _add_q
    child_clause, needed_inner = self.build_filter(
                                 ^^^^^^^^^^^^^^^^^^
  File "C:\Users\azama\PycharmProjects\Django2024_assignment2\venv\Lib\site-packages\django\db\models\sql\query.py", line 1528, in build_filter
    self.check_related_objects(join_info.final_field, value, join_info.opts)
  File "C:\Users\azama\PycharmProjects\Django2024_assignment2\venv\Lib\site-packages\django\db\models\sql\query.py", line 1342, in check_related_objects
    self.check_query_object_type(value, opts, field)
  File "C:\Users\azama\PycharmProjects\Django2024_assignment2\venv\Lib\site-packages\django\db\models\sql\query.py", line 1319, in check_query_object_type
    raise ValueError(
ValueError: Cannot query "a_taubayev": Must be "Student" instance.
ERROR 2024-11-21 15:23:37,992 basehttp "GET /api/grades/ HTTP/1.1" 500 143981
WARNING 2024-11-21 15:24:15,409 log Bad Request: /api/courses/courses/enroll/
WARNING 2024-11-21 15:24:15,409 basehttp "POST /api/courses/courses/enroll/ HTTP/1.1" 400 75
INFO 2024-11-21 15:24:28,681 basehttp "GET /admin/users/customuser/ HTTP/1.1" 200 10003
INFO 2024-11-21 15:24:39,141 basehttp "POST /api/courses/courses/enroll/ HTTP/1.1" 201 62
WARNING 2024-11-21 15:32:52,568 log Not Found: /api/
WARNING 2024-11-21 15:32:52,570 basehttp "GET /api/ HTTP/1.1" 404 2980
WARNING 2024-11-21 15:32:52,864 log Not Found: /api/
WARNING 2024-11-21 15:32:52,865 basehttp "GET /api/ HTTP/1.1" 404 2980
WARNING 2024-11-21 15:32:59,727 log Not Found: /api/attendance/
WARNING 2024-11-21 15:32:59,727 basehttp "GET /api/attendance/ HTTP/1.1" 404 3143
INFO 2024-11-21 15:37:17,694 autoreload C:\Users\azama\PycharmProjects\Django2024_assignment2\attendance\views.py changed, reloading.
INFO 2024-11-21 15:37:18,556 autoreload Watching for file changes with StatReloader
INFO 2024-11-21 15:37:26,113 autoreload C:\Users\azama\PycharmProjects\Django2024_assignment2\attendance\views.py changed, reloading.
INFO 2024-11-21 15:37:26,740 autoreload Watching for file changes with StatReloader
INFO 2024-11-21 15:47:00,886 autoreload Watching for file changes with StatReloader
WARNING 2024-11-21 16:16:37,397 log Unauthorized: /api/grades/
WARNING 2024-11-21 16:16:37,876 log Not Found: /api/grades/1/
WARNING 2024-11-21 16:16:38,345 log Not Found: /api/grades/1/
WARNING 2024-11-21 16:18:42,090 log Unauthorized: /api/grades/
WARNING 2024-11-21 16:18:42,569 log Not Found: /api/grades/1/
INFO 2024-11-21 16:20:53,127 autoreload Watching for file changes with StatReloader
WARNING 2024-11-21 16:21:15,315 log Not Found: /api/students/1/
WARNING 2024-11-21 16:21:16,769 log Not Found: /api/students/1/
WARNING 2024-11-21 16:21:17,254 log Not Found: /api/students/
WARNING 2024-11-21 16:21:17,769 log Not Found: /api/students/1/
WARNING 2024-11-21 16:21:18,247 log Not Found: /api/students/1/
WARNING 2024-11-21 16:23:54,512 log Not Found: /api/students/1/
WARNING 2024-11-21 16:23:55,963 log Not Found: /api/students/1/
WARNING 2024-11-21 16:23:56,448 log Unauthorized: /api/students/profile/
WARNING 2024-11-21 16:23:56,925 log Not Found: /api/students/1/
WARNING 2024-11-21 16:23:57,400 log Not Found: /api/students/1/
INFO 2024-11-21 16:24:04,233 autoreload Watching for file changes with StatReloader
WARNING 2024-11-21 16:24:07,710 log Not Found: /
WARNING 2024-11-21 16:24:07,710 basehttp "GET / HTTP/1.1" 404 2950
WARNING 2024-11-22 10:55:44,859 log Not Found: /api/students/1/
